{"level":"error","message":"Operation `users.insertOne()` buffering timed out after 10000ms"}
{"level":"error","message":"Operation `users.insertOne()` buffering timed out after 10000ms"}
{"level":"error","message":"Operation `users.insertOne()` buffering timed out after 10000ms"}
{"level":"error","message":"Operation `users.insertOne()` buffering timed out after 10000ms"}
{"level":"error","message":"Operation `users.insertOne()` buffering timed out after 10000ms"}
{"level":"error","message":"Operation `users.insertOne()` buffering timed out after 10000ms"}
{"level":"error","message":"E11000 duplicate key error collection: test.users index: email_1 dup key: { email: \"test@test.com\" }"}
{"level":"error","message":"E11000 duplicate key error collection: test.users index: email_1 dup key: { email: \"test@test.com\" }"}
{"level":"error","message":"E11000 duplicate key error collection: test.users index: email_1 dup key: { email: \"test@test.com\" }"}
{"level":"error","message":"E11000 duplicate key error collection: test.users index: email_1 dup key: { email: \"test@test.com\" }"}
{"level":"error","message":"E11000 duplicate key error collection: test.users index: email_1 dup key: { email: \"test@test.com\" }"}
{"level":"error","message":"E11000 duplicate key error collection: test.users index: email_1 dup key: { email: \"test@test.com\" }"}
{"level":"error","message":"E11000 duplicate key error collection: test.users index: email_1 dup key: { email: \"test@test.com\" }"}
{"level":"error","message":"E11000 duplicate key error collection: test.users index: email_1 dup key: { email: \"test@test.com\" }"}
{"level":"error","message":"E11000 duplicate key error collection: test.users index: email_1 dup key: { email: \"test@test.com\" }"}
{"level":"error","message":"E11000 duplicate key error collection: test.users index: email_1 dup key: { email: \"test@test.com\" }"}
{"level":"error","message":"E11000 duplicate key error collection: test.users index: email_1 dup key: { email: \"test@test.com\" }"}
{"level":"error","message":"E11000 duplicate key error collection: test.users index: email_1 dup key: { email: \"test@test.com\" }"}
{"level":"error","message":"E11000 duplicate key error collection: test.users index: email_1 dup key: { email: \"test@test.com\" }"}
{"level":"error","message":"E11000 duplicate key error collection: test.users index: email_1 dup key: { email: \"test@test.com\" }"}
{"level":"error","message":"E11000 duplicate key error collection: test.users index: email_1 dup key: { email: \"test@test.com\" }"}
{"level":"error","message":"E11000 duplicate key error collection: test.users index: email_1 dup key: { email: \"test@test.com\" }"}
{"level":"error","message":"E11000 duplicate key error collection: test.users index: email_1 dup key: { email: \"test@test.com\" }"}
{"level":"error","message":"E11000 duplicate key error collection: test.users index: email_1 dup key: { email: \"test@test.com\" }"}
{"level":"error","message":"E11000 duplicate key error collection: test.users index: email_1 dup key: { email: \"test@test.com\" }"}
{"level":"error","message":"E11000 duplicate key error collection: test.users index: email_1 dup key: { email: \"test@test.com\" }"}
{"level":"error","message":"E11000 duplicate key error collection: test.users index: email_1 dup key: { email: \"test@test.com\" }"}
{"level":"error","message":"E11000 duplicate key error collection: test.users index: email_1 dup key: { email: \"test@test.com\" }"}
{"level":"error","message":"E11000 duplicate key error collection: test.users index: email_1 dup key: { email: \"test@test.com\" }"}
{"level":"error","message":"E11000 duplicate key error collection: test.users index: email_1 dup key: { email: \"test@test.com\" }"}
{"level":"error","message":"E11000 duplicate key error collection: test.users index: email_1 dup key: { email: \"test@test.com\" }"}
{"level":"error","message":"E11000 duplicate key error collection: test.users index: email_1 dup key: { email: \"test@test.com\" }"}
{"level":"error","message":"E11000 duplicate key error collection: test.users index: email_1 dup key: { email: \"test@test.com\" }"}
{"level":"error","message":"E11000 duplicate key error collection: test.users index: email_1 dup key: { email: \"test@test.com\" }"}
{"level":"error","message":"E11000 duplicate key error collection: test.users index: email_1 dup key: { email: \"test@test.com\" }"}
{"level":"error","message":"E11000 duplicate key error collection: test.users index: email_1 dup key: { email: \"test@test.com\" }"}
{"level":"error","message":"E11000 duplicate key error collection: test.users index: email_1 dup key: { email: \"test@test.com\" }"}
{"level":"error","message":"E11000 duplicate key error collection: test.users index: email_1 dup key: { email: \"test@test.com\" }"}
{"level":"error","message":"E11000 duplicate key error collection: test.users index: email_1 dup key: { email: \"test@test.com\" }"}
{"level":"error","message":"E11000 duplicate key error collection: test.users index: email_1 dup key: { email: \"test@test.com\" }"}
{"level":"error","message":"E11000 duplicate key error collection: test.users index: email_1 dup key: { email: \"test@test.com\" }"}
{"level":"error","message":"E11000 duplicate key error collection: test.users index: email_1 dup key: { email: \"test@test.com\" }"}
{"level":"error","message":"E11000 duplicate key error collection: test.users index: email_1 dup key: { email: \"test@test.com\" }"}
{"level":"error","message":"E11000 duplicate key error collection: test.users index: email_1 dup key: { email: \"test@test.com\" }"}
{"level":"error","message":"\"email\" is required"}
{"level":"error","message":"\"email\" is required"}
{"level":"error","message":"\"email\" must be a valid email"}
{"level":"error","message":"\"password\" length must be at least 6 characters long"}
{"level":"error","message":"\"email\" is required"}
{"level":"error","message":"E11000 duplicate key error collection: test.users index: email_1 dup key: { email: \"test@test.com\" }"}
{"level":"error","message":"\"email\" is required"}
{"level":"error","message":"\"email\" is required"}
{"level":"error","message":"\"email\" must be a valid email"}
{"level":"error","message":"\"password\" length must be at least 6 characters long"}
{"level":"error","message":"\"email\" is required"}
{"level":"error","message":"E11000 duplicate key error collection: test.users index: email_1 dup key: { email: \"test@test.com\" }"}
{"level":"error","message":"\"email\" is required"}
{"level":"error","message":"\"email\" is required"}
{"level":"error","message":"\"email\" must be a valid email"}
{"level":"error","message":"\"password\" length must be at least 6 characters long"}
{"level":"error","message":"\"email\" is required"}
{"level":"error","message":"E11000 duplicate key error collection: test.users index: email_1 dup key: { email: \"test@test.com\" }"}
{"level":"error","message":"\"email\" is required"}
{"level":"error","message":"\"email\" is required"}
{"level":"error","message":"\"email\" must be a valid email"}
{"level":"error","message":"\"password\" length must be at least 6 characters long"}
{"level":"error","message":"\"email\" is required"}
{"level":"error","message":"E11000 duplicate key error collection: test.users index: email_1 dup key: { email: \"test@test.com\" }"}
{"level":"error","message":"\"email\" is required"}
{"level":"error","message":"\"email\" is required"}
{"level":"error","message":"\"email\" must be a valid email"}
{"level":"error","message":"\"password\" length must be at least 6 characters long"}
{"level":"error","message":"\"email\" is required"}
{"level":"error","message":"E11000 duplicate key error collection: test.users index: email_1 dup key: { email: \"test@test.com\" }"}
{"level":"error","message":"\"email\" is required"}
{"level":"error","message":"\"email\" is required"}
{"level":"error","message":"\"email\" must be a valid email"}
{"level":"error","message":"\"password\" length must be at least 6 characters long"}
{"level":"error","message":"\"email\" is required"}
{"level":"error","message":"E11000 duplicate key error collection: test.users index: email_1 dup key: { email: \"test@test.com\" }"}
{"level":"error","message":"\"email\" is required"}
{"level":"error","message":"\"email\" is required"}
{"level":"error","message":"\"email\" must be a valid email"}
{"level":"error","message":"\"password\" length must be at least 6 characters long"}
{"level":"error","message":"\"email\" is required"}
{"level":"error","message":"E11000 duplicate key error collection: test.users index: email_1 dup key: { email: \"test@test.com\" }"}
{"level":"error","message":"\"email\" is required"}
{"level":"error","message":"\"email\" is required"}
{"level":"error","message":"\"email\" must be a valid email"}
{"level":"error","message":"\"password\" length must be at least 6 characters long"}
{"level":"error","message":"\"email\" is required"}
{"level":"error","message":"E11000 duplicate key error collection: test.users index: email_1 dup key: { email: \"test@test.com\" }"}
{"level":"error","message":"\"email\" is required"}
{"level":"error","message":"\"email\" is required"}
{"level":"error","message":"\"email\" must be a valid email"}
{"level":"error","message":"\"password\" length must be at least 6 characters long"}
{"level":"error","message":"\"email\" is required"}
{"level":"error","message":"E11000 duplicate key error collection: test.users index: email_1 dup key: { email: \"test@test.com\" }"}
{"level":"error","message":"\"email\" is required"}
{"level":"error","message":"E11000 duplicate key error collection: test.users index: email_1 dup key: { email: \"test@test.com\" }"}
{"level":"error","message":"\"email\" is required"}
{"level":"error","message":"\"email\" is required"}
{"level":"error","message":"\"email\" is required"}
{"level":"error","message":"\"email\" is required"}
{"level":"error","message":"\"email\" is required"}
{"level":"error","message":"\"email\" is required"}
{"level":"error","message":"\"email\" is required"}
{"level":"error","message":"\"email\" is required"}
{"level":"error","message":"\"email\" is required"}
{"level":"error","message":"\"email\" is required"}
{"level":"error","message":"\"email\" is required"}
{"level":"error","message":"\"email\" is required"}
{"level":"error","message":"Cannot read properties of undefined (reading 'message')"}
{"level":"error","message":"Cannot read properties of undefined (reading 'message')"}
{"level":"error","message":"Cannot read properties of undefined (reading 'message')"}
{"level":"error","message":"\"email\" is required"}
{"level":"error","message":"Cannot read properties of undefined (reading 'message')"}
{"level":"error","message":"Cannot read properties of undefined (reading 'message')"}
{"level":"error","message":"Cannot read properties of undefined (reading 'message')"}
{"level":"error","message":"\"email\" is required"}
{"level":"error","message":"Cannot read properties of undefined (reading 'message')"}
{"level":"error","message":"Cannot read properties of undefined (reading 'message')"}
{"level":"error","message":"Cannot read properties of undefined (reading 'message')"}
{"level":"error","message":"\"email\" is required"}
{"level":"error","message":"Cannot read properties of undefined (reading 'message')"}
{"level":"error","message":"Cannot read properties of undefined (reading 'message')"}
{"level":"error","message":"Cannot read properties of undefined (reading 'message')"}
{"level":"error","message":"\"email\" is required"}
{"level":"error","message":"E11000 duplicate key error collection: test.users index: email_1 dup key: { email: \"test@test.com\" }"}
{"level":"error","message":"\"email\" is required"}
{"level":"error","message":"E11000 duplicate key error collection: test.users index: email_1 dup key: { email: \"test@test.com\" }"}
{"level":"error","message":"\"email\" is required"}
{"level":"error","message":"\"email\" is required"}
{"level":"error","message":"\"email\" is required"}
{"level":"error","message":"\"email\" is required"}
{"level":"error","message":"\"email\" is required"}
{"level":"error","message":"E11000 duplicate key error collection: test.users index: email_1 dup key: { email: \"test@test.com\" }"}
{"level":"error","message":"\"email\" is required"}
{"level":"error","message":"\"email\" is required"}
{"level":"error","message":"\"email\" is required"}
{"level":"error","message":"\"email\" is required"}
{"level":"error","message":"\"email\" is required"}
{"level":"error","message":"E11000 duplicate key error collection: test.users index: email_1 dup key: { email: \"test@test.com\" }"}
{"level":"error","message":"\"email\" is required"}
{"level":"error","message":"\"email\" is required"}
{"level":"error","message":"\"email\" is required"}
{"level":"error","message":"\"email\" is required"}
{"level":"error","message":"\"email\" is required"}
{"level":"error","message":"E11000 duplicate key error collection: test.users index: email_1 dup key: { email: \"test@test.com\" }"}
{"level":"error","message":"\"email\" is required"}
{"level":"error","message":"\"email\" is required"}
{"level":"error","message":"\"email\" is required"}
{"level":"error","message":"\"email\" is required"}
{"level":"error","message":"\"email\" is required"}
{"level":"error","message":"E11000 duplicate key error collection: test.users index: email_1 dup key: { email: \"test@test.com\" }"}
{"level":"error","message":"\"email\" is required"}
{"level":"error","message":"\"email\" is required"}
{"level":"error","message":"\"email\" is required"}
{"level":"error","message":"\"email\" is required"}
{"level":"error","message":"\"email\" is required"}
{"level":"error","message":"E11000 duplicate key error collection: test.users index: email_1 dup key: { email: \"test@test.com\" }"}
{"level":"error","message":"\"email\" is required"}
{"level":"error","message":"\"email\" is required"}
{"level":"error","message":"\"email\" is required"}
{"level":"error","message":"\"email\" is required"}
{"level":"error","message":"\"email\" is required"}
{"level":"error","message":"E11000 duplicate key error collection: test.users index: email_1 dup key: { email: \"test@test.com\" }"}
{"level":"error","message":"\"email\" is required"}
{"level":"error","message":"\"email\" is required"}
{"level":"error","message":"\"email\" is required"}
{"level":"error","message":"\"email\" is required"}
{"level":"error","message":"\"email\" is required"}
{"level":"error","message":"E11000 duplicate key error collection: test.users index: email_1 dup key: { email: \"test@test.com\" }"}
{"level":"error","message":"\"email\" is required"}
{"level":"error","message":"\"email\" is required"}
{"level":"error","message":"\"email\" is required"}
{"level":"error","message":"\"email\" is required"}
{"level":"error","message":"\"email\" is required"}
{"level":"error","message":"E11000 duplicate key error collection: test.users index: email_1 dup key: { email: \"test@test.com\" }"}
{"level":"error","message":"\"email\" is required"}
{"level":"error","message":"\"email\" is required"}
{"level":"error","message":"\"email\" is required"}
{"level":"error","message":"\"email\" is required"}
{"level":"error","message":"\"email\" is required"}
{"level":"error","message":"E11000 duplicate key error collection: test.users index: email_1 dup key: { email: \"test@test.com\" }"}
{"level":"error","message":"\"email\" is required"}
{"level":"error","message":"\"email\" is required"}
{"level":"error","message":"\"email\" is required"}
{"level":"error","message":"\"email\" is required"}
{"level":"error","message":"\"email\" is required"}
{"level":"error","message":"E11000 duplicate key error collection: test.users index: email_1 dup key: { email: \"test@test.com\" }"}
{"level":"error","message":"\"email\" is required"}
{"level":"error","message":"\"email\" is required"}
{"level":"error","message":"\"email\" is required"}
{"level":"error","message":"\"email\" is required"}
{"level":"error","message":"\"email\" is required"}
{"level":"error","message":"E11000 duplicate key error collection: test.users index: email_1 dup key: { email: \"test@test.com\" }"}
{"level":"error","message":"\"email\" is required"}
{"level":"error","message":"\"email\" is required"}
{"level":"error","message":"\"email\" is required"}
{"level":"error","message":"\"email\" is required"}
{"level":"error","message":"\"email\" is required"}
{"level":"error","message":"E11000 duplicate key error collection: test.users index: email_1 dup key: { email: \"test@test.com\" }"}
{"level":"error","message":"\"email\" is required"}
{"level":"error","message":"\"email\" is required"}
{"level":"error","message":"\"email\" is required"}
{"level":"error","message":"\"email\" is required"}
{"level":"error","message":"\"email\" is required"}
{"level":"error","message":"E11000 duplicate key error collection: test.users index: email_1 dup key: { email: \"test@test.com\" }"}
{"level":"error","message":"\"email\" is required"}
{"level":"error","message":"\"email\" is required"}
{"level":"error","message":"\"email\" is required"}
{"level":"error","message":"\"email\" is required"}
{"level":"error","message":"\"email\" is required"}
{"level":"error","message":"E11000 duplicate key error collection: test.users index: email_1 dup key: { email: \"test@test.com\" }"}
{"level":"error","message":"\"email\" is required"}
{"level":"error","message":"\"email\" is required"}
{"level":"error","message":"\"email\" is required"}
{"level":"error","message":"\"email\" is required"}
{"level":"error","message":"\"email\" is required"}
{"level":"error","message":"E11000 duplicate key error collection: test.users index: email_1 dup key: { email: \"test@test.com\" }"}
{"level":"error","message":"\"email\" is required"}
{"level":"error","message":"\"email\" is required"}
{"level":"error","message":"\"email\" is required"}
{"level":"error","message":"\"email\" is required"}
{"level":"error","message":"\"email\" is required"}
{"level":"error","message":"E11000 duplicate key error collection: test.users index: email_1 dup key: { email: \"test@test.com\" }"}
{"level":"error","message":"\"email\" is required"}
{"level":"error","message":"\"email\" is required"}
{"level":"error","message":"\"email\" is required"}
{"level":"error","message":"\"email\" is required"}
{"level":"error","message":"\"email\" is required"}
{"level":"error","message":"E11000 duplicate key error collection: test.users index: email_1 dup key: { email: \"test@test.com\" }"}
{"level":"error","message":"\"email\" is required"}
{"level":"error","message":"\"email\" is required"}
{"level":"error","message":"\"email\" is required"}
{"level":"error","message":"\"email\" is required"}
{"level":"error","message":"\"email\" is required"}
{"level":"error","message":"E11000 duplicate key error collection: test.users index: email_1 dup key: { email: \"test@test.com\" }"}
{"level":"error","message":"\"email\" is required"}
{"level":"error","message":"\"email\" is required"}
{"level":"error","message":"\"email\" is required"}
{"level":"error","message":"\"email\" is required"}
{"level":"error","message":"\"email\" is required"}
{"level":"error","message":"E11000 duplicate key error collection: test.users index: email_1 dup key: { email: \"test@test.com\" }"}
